[TW Backfill] Starting: 2025-01-01 → 2026-04-27

[SyncEngine] ▶ Run tw_backfill_1777386260962 | tasks: tw_refresh | brands: NOBL,FLO | 2025-01-01 → 2026-04-27
[TW] Refreshing NOBL summary 2025-01-01 → 2025-01-07
[TW] Refreshing NOBL summary 2025-01-08 → 2025-01-14
[TW] Refreshing NOBL summary 2025-01-15 → 2025-01-21
[TW] Refreshing NOBL summary 2025-01-22 → 2025-01-28
[TW] Refreshing NOBL summary 2025-01-29 → 2025-02-04
[TW] Refreshing NOBL summary 2025-02-05 → 2025-02-11
[TW] Refreshing NOBL summary 2025-02-12 → 2025-02-18
[TW] Refreshing NOBL summary 2025-02-19 → 2025-02-25
[TW] Refreshing NOBL summary 2025-02-26 → 2025-03-04
[TW] Refreshing NOBL summary 2025-03-05 → 2025-03-11
[TW] Refreshing NOBL summary 2025-03-12 → 2025-03-18
[TW] Refreshing NOBL summary 2025-03-19 → 2025-03-25
[TW] Refreshing NOBL summary 2025-03-26 → 2025-04-01
[TW] Refreshing NOBL summary 2025-04-02 → 2025-04-08
[TW] Refreshing NOBL summary 2025-04-09 → 2025-04-15
[TW] Refreshing NOBL summary 2025-04-16 → 2025-04-22
[TW] Refreshing NOBL summary 2025-04-23 → 2025-04-29
[TW] Refreshing NOBL summary 2025-04-30 → 2025-05-06
[TW] Refreshing NOBL summary 2025-05-07 → 2025-05-13
[TW] Refreshing NOBL summary 2025-05-14 → 2025-05-20
[TW] Refreshing NOBL summary 2025-05-21 → 2025-05-27
[TW] Refreshing NOBL summary 2025-05-28 → 2025-06-03
[TW] Refreshing NOBL summary 2025-06-04 → 2025-06-10
[TW] Refreshing NOBL summary 2025-06-11 → 2025-06-17
[TW] Refreshing NOBL summary 2025-06-18 → 2025-06-24
[TW] Refreshing NOBL summary 2025-06-25 → 2025-07-01
[TW] Refreshing NOBL summary 2025-07-02 → 2025-07-08
[TW] Refreshing NOBL summary 2025-07-09 → 2025-07-15
[TW] Refreshing NOBL summary 2025-07-16 → 2025-07-22
[TW] Refreshing NOBL summary 2025-07-23 → 2025-07-29
[TW] Refreshing NOBL summary 2025-07-30 → 2025-08-05
[TW] Refreshing NOBL summary 2025-08-06 → 2025-08-12
[TW] Refreshing NOBL summary 2025-08-13 → 2025-08-19
[TW] Refreshing NOBL summary 2025-08-20 → 2025-08-26
[TW] Refreshing NOBL summary 2025-08-27 → 2025-09-02
[TW] Refreshing NOBL summary 2025-09-03 → 2025-09-09
[TW] Refreshing NOBL summary 2025-09-10 → 2025-09-16
[TW] Refreshing NOBL summary 2025-09-17 → 2025-09-23
[TW] Refreshing NOBL summary 2025-09-24 → 2025-09-30
[TW] Refreshing NOBL summary 2025-10-01 → 2025-10-07
[TW] Refreshing NOBL summary 2025-10-08 → 2025-10-14
[TW] Refreshing NOBL summary 2025-10-15 → 2025-10-21
[TW] Refreshing NOBL summary 2025-10-22 → 2025-10-28
[TW] Refreshing NOBL summary 2025-10-29 → 2025-11-04
[TW] Refreshing NOBL summary 2025-11-05 → 2025-11-11
[TW] Refreshing NOBL summary 2025-11-12 → 2025-11-18
[TW] Refreshing NOBL summary 2025-11-19 → 2025-11-25
[TW] Refreshing NOBL summary 2025-11-26 → 2025-12-02
[TW] Refreshing NOBL summary 2025-12-03 → 2025-12-09
[TW] Refreshing NOBL summary 2025-12-10 → 2025-12-16
[TW] Refreshing NOBL summary 2025-12-17 → 2025-12-23
[TW] Refreshing NOBL summary 2025-12-24 → 2025-12-30
[TW] Refreshing NOBL summary 2025-12-31 → 2026-01-06
[TW] Refreshing NOBL summary 2026-01-07 → 2026-01-13
[TW] Refreshing NOBL summary 2026-01-14 → 2026-01-20
[TW] Refreshing NOBL summary 2026-01-21 → 2026-01-27
[TW] Refreshing NOBL summary 2026-01-28 → 2026-02-03
[TW] Refreshing NOBL summary 2026-02-04 → 2026-02-10
[TW] Refreshing NOBL summary 2026-02-11 → 2026-02-17
[TW] Refreshing NOBL summary 2026-02-18 → 2026-02-24
[TW] Refreshing NOBL summary 2026-02-25 → 2026-03-03
[TW] Refreshing NOBL summary 2026-03-04 → 2026-03-10
[TW] Refreshing NOBL summary 2026-03-11 → 2026-03-17
[TW] Refreshing NOBL summary 2026-03-18 → 2026-03-24
[TW] Refreshing NOBL summary 2026-03-25 → 2026-03-31
[TW] Refreshing NOBL summary 2026-04-01 → 2026-04-07
[TW] Refreshing NOBL summary 2026-04-08 → 2026-04-14
[TW] Refreshing NOBL summary 2026-04-15 → 2026-04-21
[TW] Refreshing NOBL summary 2026-04-22 → 2026-04-27
[TW] Refreshing FLO summary 2025-01-01 → 2025-01-07
[TW] Refreshing FLO summary 2025-01-08 → 2025-01-14
[TW] Refreshing FLO summary 2025-01-15 → 2025-01-21
[TW] Refreshing FLO summary 2025-01-22 → 2025-01-28
[TW] Refreshing FLO summary 2025-01-29 → 2025-02-04
[TW] Refreshing FLO summary 2025-02-05 → 2025-02-11
[TW] Refreshing FLO summary 2025-02-12 → 2025-02-18
[TW] Refreshing FLO summary 2025-02-19 → 2025-02-25
[TW] Refreshing FLO summary 2025-02-26 → 2025-03-04
[TW] Refreshing FLO summary 2025-03-05 → 2025-03-11
[TW] Refreshing FLO summary 2025-03-12 → 2025-03-18
[TW] Refreshing FLO summary 2025-03-19 → 2025-03-25
[TW] Refreshing FLO summary 2025-03-26 → 2025-04-01
[TW] Refreshing FLO summary 2025-04-02 → 2025-04-08
[TW] Refreshing FLO summary 2025-04-09 → 2025-04-15
[TW] Refreshing FLO summary 2025-04-16 → 2025-04-22
[TW] Refreshing FLO summary 2025-04-23 → 2025-04-29
[TW] Refreshing FLO summary 2025-04-30 → 2025-05-06
[TW] Refreshing FLO summary 2025-05-07 → 2025-05-13
[TW] Refreshing FLO summary 2025-05-14 → 2025-05-20
[TW] Refreshing FLO summary 2025-05-21 → 2025-05-27
[TW] Refreshing FLO summary 2025-05-28 → 2025-06-03
[TW] Refreshing FLO summary 2025-06-04 → 2025-06-10
[TW] Refreshing FLO summary 2025-06-11 → 2025-06-17
[TW] Refreshing FLO summary 2025-06-18 → 2025-06-24
[TW] Refreshing FLO summary 2025-06-25 → 2025-07-01
[TW] Refreshing FLO summary 2025-07-02 → 2025-07-08
[TW] Refreshing FLO summary 2025-07-09 → 2025-07-15
[TW] Refreshing FLO summary 2025-07-16 → 2025-07-22
[TW] Refreshing FLO summary 2025-07-23 → 2025-07-29
[TW] Refreshing FLO summary 2025-07-30 → 2025-08-05
[TW] Refreshing FLO summary 2025-08-06 → 2025-08-12
[TW] Refreshing FLO summary 2025-08-13 → 2025-08-19
[TW] Refreshing FLO summary 2025-08-20 → 2025-08-26
[TW] Refreshing FLO summary 2025-08-27 → 2025-09-02
[TW] Refreshing FLO summary 2025-09-03 → 2025-09-09
[TW] Refreshing FLO summary 2025-09-10 → 2025-09-16
[TW] Refreshing FLO summary 2025-09-17 → 2025-09-23
[TW] Refreshing FLO summary 2025-09-24 → 2025-09-30
[TW] Refreshing FLO summary 2025-10-01 → 2025-10-07
[TW] Refreshing FLO summary 2025-10-08 → 2025-10-14
[TW] Refreshing FLO summary 2025-10-15 → 2025-10-21
[TW] Refreshing FLO summary 2025-10-22 → 2025-10-28
[TW] Refreshing FLO summary 2025-10-29 → 2025-11-04
[TW] Refreshing FLO summary 2025-11-05 → 2025-11-11
[TW] Refreshing FLO summary 2025-11-12 → 2025-11-18
[TW] Refreshing FLO summary 2025-11-19 → 2025-11-25
[TW] Refreshing FLO summary 2025-11-26 → 2025-12-02
[TW] Refreshing FLO summary 2025-12-03 → 2025-12-09
[TW] Refreshing FLO summary 2025-12-10 → 2025-12-16
[TW] Refreshing FLO summary 2025-12-17 → 2025-12-23
[TW] Refreshing FLO summary 2025-12-24 → 2025-12-30
[TW] Refreshing FLO summary 2025-12-31 → 2026-01-06
[TW] Refreshing FLO summary 2026-01-07 → 2026-01-13
[TW] Refreshing FLO summary 2026-01-14 → 2026-01-20
[TW] Refreshing FLO summary 2026-01-21 → 2026-01-27
[TW] Refreshing FLO summary 2026-01-28 → 2026-02-03
[TW] Refreshing FLO summary 2026-02-04 → 2026-02-10
[TW] Refreshing FLO summary 2026-02-11 → 2026-02-17
[TW] Refreshing FLO summary 2026-02-18 → 2026-02-24
[TW] Refreshing FLO summary 2026-02-25 → 2026-03-03
[TW] Refreshing FLO summary 2026-03-04 → 2026-03-10
[TW] Refreshing FLO summary 2026-03-11 → 2026-03-17
[TW] Refreshing FLO summary 2026-03-18 → 2026-03-24
[TW] Refreshing FLO summary 2026-03-25 → 2026-03-31
[TW] Refreshing FLO summary 2026-04-01 → 2026-04-07
[TW] Refreshing FLO summary 2026-04-08 → 2026-04-14
[TW] Refreshing FLO summary 2026-04-15 → 2026-04-21
[TW] Refreshing FLO summary 2026-04-22 → 2026-04-27
[SyncEngine] ✓ Run tw_backfill_1777386260962 complete in 1426.4s | 0 rows total | 138 errors
[TW Backfill] COMPLETE - rows: 0 errors: 138
